<?xml version="1.0" encoding="UTF-8"?>
<!-- Generated by org.testng.reporters.JUnitReportReporter -->
<testsuite hostname="DESKTOP-3IU1GUE" failures="0" tests="1" name="testscripts.FetchAllPostsTest" time="2.899" errors="0" timestamp="2023-05-20T18:13:22 IST" skipped="0">
  <testcase classname="testscripts.FetchAllPostsTest" name="fetchAllPosts" time="2.899"/>
  <system-out/>
</testsuite> <!-- testscripts.FetchAllPostsTest -->
