<?xml version="1.0" encoding="UTF-8"?>
<!-- Generated by org.testng.reporters.JUnitReportReporter -->
<testsuite hostname="DESKTOP-3IU1GUE" failures="0" tests="1" name="study.DemoDeleteRequest" time="2.937" errors="0" timestamp="2023-04-22T19:04:47 IST" skipped="0">
  <testcase classname="study.DemoDeleteRequest" name="checkDelete" time="2.937"/>
  <system-out/>
</testsuite> <!-- study.DemoDeleteRequest -->
