<?xml version="1.0" encoding="UTF-8"?>
<!-- Generated by org.testng.reporters.JUnitReportReporter -->
<testsuite hostname="DESKTOP-3IU1GUE" failures="0" tests="1" name="study.DemoPostRequest" time="4.060" errors="0" timestamp="2023-04-29T18:46:36 IST" skipped="0">
  <testcase classname="study.DemoPostRequest" name="checkPost" time="4.060"/>
  <system-out/>
</testsuite> <!-- study.DemoPostRequest -->
