<?xml version="1.0" encoding="UTF-8"?>
<!-- Generated by org.testng.reporters.JUnitReportReporter -->
<testsuite hostname="DESKTOP-3IU1GUE" failures="0" tests="1" name="study.DemoAssertions" time="5.281" errors="0" timestamp="2023-04-30T18:45:29 IST" skipped="0">
  <testcase classname="study.DemoAssertions" name="checkTestNGAssertion" time="5.281"/>
  <system-out/>
</testsuite> <!-- study.DemoAssertions -->
