<?xml version="1.0" encoding="UTF-8"?>
<!-- Generated by org.testng.reporters.JUnitReportReporter -->
<testsuite hostname="DESKTOP-3IU1GUE" failures="0" tests="1" name="study.DemoRestCountries" time="10.255" errors="0" timestamp="2023-05-21T18:39:05 IST" skipped="0">
  <testcase classname="study.DemoRestCountries" name="checkCountries" time="10.255"/>
  <system-out/>
</testsuite> <!-- study.DemoRestCountries -->
