<?xml version="1.0" encoding="UTF-8"?>
<!-- Generated by org.testng.reporters.JUnitReportReporter -->
<testsuite hostname="DESKTOP-3IU1GUE" failures="0" tests="1" name="study.DemoPostBulkDataFromFile" time="3.481" errors="0" timestamp="2023-05-21T18:15:43 IST" skipped="0">
  <testcase classname="study.DemoPostBulkDataFromFile" name="insertData" time="3.481"/>
  <system-out/>
</testsuite> <!-- study.DemoPostBulkDataFromFile -->
