<?xml version="1.0" encoding="UTF-8"?>
<!-- Generated by org.testng.reporters.JUnitReportReporter -->
<testsuite hostname="DESKTOP-3IU1GUE" failures="0" tests="1" name="study.DemoTokenAuth1" time="5.995" errors="0" timestamp="2023-05-13T19:12:29 IST" skipped="0">
  <testcase classname="study.DemoTokenAuth1" name="checkTokenAuth" time="5.995"/>
  <system-out/>
</testsuite> <!-- study.DemoTokenAuth1 -->
