<?xml version="1.0" encoding="UTF-8"?>
<!-- Generated by org.testng.reporters.JUnitReportReporter -->
<testsuite hostname="DESKTOP-3IU1GUE" failures="0" tests="1" name="study.DemoGetRequest" time="0.039" errors="0" timestamp="2023-06-10T18:53:08 IST" skipped="0">
  <testcase classname="study.DemoGetRequest" name="sample" time="0.039"/>
  <system-out/>
</testsuite> <!-- study.DemoGetRequest -->
