<?xml version="1.0" encoding="UTF-8"?>
<!-- Generated by org.testng.reporters.JUnitReportReporter -->
<testsuite hostname="DESKTOP-3IU1GUE" failures="0" tests="1" name="study.DemoTokenAuth" time="5.148" errors="0" timestamp="2023-05-13T18:55:11 IST" skipped="0">
  <testcase classname="study.DemoTokenAuth" name="checkTokenAuth" time="5.148"/>
  <system-out/>
</testsuite> <!-- study.DemoTokenAuth -->
