<?xml version="1.0" encoding="UTF-8"?>
<!-- Generated by org.testng.reporters.JUnitReportReporter -->
<testsuite hostname="DESKTOP-3IU1GUE" failures="0" tests="1" name="study.DemoParamaterization" time="3.730" errors="0" timestamp="2023-05-21T18:39:49 IST" skipped="0">
  <testcase classname="study.DemoParamaterization" name="checkParameter" time="3.730"/>
  <system-out/>
</testsuite> <!-- study.DemoParamaterization -->
