<?xml version="1.0" encoding="UTF-8"?>
<!-- Generated by org.testng.reporters.JUnitReportReporter -->
<testsuite hostname="DESKTOP-3IU1GUE" failures="0" tests="1" name="study.DemoBasicAuth" time="5.540" errors="0" timestamp="2023-05-13T18:04:16 IST" skipped="0">
  <testcase classname="study.DemoBasicAuth" name="checkBasicAuth" time="5.540"/>
  <system-out/>
</testsuite> <!-- study.DemoBasicAuth -->
