<?xml version="1.0" encoding="UTF-8"?>
<!-- Generated by org.testng.reporters.JUnitReportReporter -->
<testsuite hostname="DESKTOP-3IU1GUE" failures="0" tests="1" name="study.DemoPostBulkData" time="4.516" errors="0" timestamp="2023-05-21T17:50:53 IST" skipped="0">
  <testcase classname="study.DemoPostBulkData" name="insertData" time="4.516"/>
  <system-out/>
</testsuite> <!-- study.DemoPostBulkData -->
