<?xml version="1.0" encoding="UTF-8"?>
<!-- Generated by org.testng.reporters.JUnitReportReporter -->
<testsuite hostname="DESKTOP-3IU1GUE" failures="0" tests="1" name="study.DemoRAassertion" time="5.668" errors="0" timestamp="2023-04-30T19:27:35 IST" skipped="0">
  <testcase classname="study.DemoRAassertion" name="checkRAassertion" time="5.668"/>
  <system-out/>
</testsuite> <!-- study.DemoRAassertion -->
